  flePractice.cpp
D:\NUCES\Semester 1\PF and PF lab\C++ practice\filePractice\filePractice\flePractice.cpp(38,16): warning C4267: 'initializing': conversion from 'size_t' to 'int', possible loss of data
D:\NUCES\Semester 1\PF and PF lab\C++ practice\filePractice\filePractice\flePractice.cpp(390,29): warning C4244: 'initializing': conversion from 'double' to 'int', possible loss of data
D:\NUCES\Semester 1\PF and PF lab\C++ practice\filePractice\filePractice\flePractice.cpp(391,29): warning C4244: 'initializing': conversion from 'double' to 'int', possible loss of data
D:\NUCES\Semester 1\PF and PF lab\C++ practice\filePractice\filePractice\flePractice.cpp(404,27): warning C4244: 'initializing': conversion from 'double' to 'int', possible loss of data
D:\NUCES\Semester 1\PF and PF lab\C++ practice\filePractice\filePractice\flePractice.cpp(405,27): warning C4244: 'initializing': conversion from 'double' to 'int', possible loss of data
D:\NUCES\Semester 1\PF and PF lab\C++ practice\filePractice\filePractice\flePractice.cpp(416,29): warning C4244: '=': conversion from 'double' to '_Ty', possible loss of data
          with
          [
              _Ty=int
          ]
D:\NUCES\Semester 1\PF and PF lab\C++ practice\filePractice\filePractice\flePractice.cpp(518,51): warning C4244: '+=': conversion from 'double' to 'float', possible loss of data
D:\NUCES\Semester 1\PF and PF lab\C++ practice\filePractice\filePractice\flePractice.cpp(521,35): warning C4244: '=': conversion from 'float' to '_Ty', possible loss of data
          with
          [
              _Ty=int
          ]
D:\NUCES\Semester 1\PF and PF lab\C++ practice\filePractice\filePractice\flePractice.cpp(533,20): warning C4267: 'initializing': conversion from 'size_t' to 'int', possible loss of data
D:\NUCES\Semester 1\PF and PF lab\C++ practice\filePractice\filePractice\flePractice.cpp(534,19): warning C4267: 'initializing': conversion from 'size_t' to 'int', possible loss of data
D:\NUCES\Semester 1\PF and PF lab\C++ practice\filePractice\filePractice\flePractice.cpp(559,20): warning C4267: 'initializing': conversion from 'size_t' to 'int', possible loss of data
D:\NUCES\Semester 1\PF and PF lab\C++ practice\filePractice\filePractice\flePractice.cpp(560,19): warning C4267: 'initializing': conversion from 'size_t' to 'int', possible loss of data
D:\NUCES\Semester 1\PF and PF lab\C++ practice\filePractice\filePractice\flePractice.cpp(615,19): warning C4267: 'initializing': conversion from 'size_t' to 'int', possible loss of data
D:\NUCES\Semester 1\PF and PF lab\C++ practice\filePractice\filePractice\flePractice.cpp(616,19): warning C4267: 'initializing': conversion from 'size_t' to 'int', possible loss of data
D:\NUCES\Semester 1\PF and PF lab\C++ practice\filePractice\filePractice\flePractice.cpp(640,20): warning C4267: 'initializing': conversion from 'size_t' to 'int', possible loss of data
D:\NUCES\Semester 1\PF and PF lab\C++ practice\filePractice\filePractice\flePractice.cpp(641,19): warning C4267: 'initializing': conversion from 'size_t' to 'int', possible loss of data
D:\NUCES\Semester 1\PF and PF lab\C++ practice\filePractice\filePractice\flePractice.cpp(664,17): warning C4267: 'initializing': conversion from 'size_t' to 'int', possible loss of data
D:\NUCES\Semester 1\PF and PF lab\C++ practice\filePractice\filePractice\flePractice.cpp(665,17): warning C4267: 'initializing': conversion from 'size_t' to 'int', possible loss of data
D:\NUCES\Semester 1\PF and PF lab\C++ practice\filePractice\filePractice\flePractice.cpp(666,17): warning C4267: 'initializing': conversion from 'size_t' to 'int', possible loss of data
D:\NUCES\Semester 1\PF and PF lab\C++ practice\filePractice\filePractice\flePractice.cpp(667,17): warning C4267: 'initializing': conversion from 'size_t' to 'int', possible loss of data
D:\NUCES\Semester 1\PF and PF lab\C++ practice\filePractice\filePractice\flePractice.cpp(691,17): warning C4267: 'initializing': conversion from 'size_t' to 'int', possible loss of data
D:\NUCES\Semester 1\PF and PF lab\C++ practice\filePractice\filePractice\flePractice.cpp(692,17): warning C4267: 'initializing': conversion from 'size_t' to 'int', possible loss of data
D:\NUCES\Semester 1\PF and PF lab\C++ practice\filePractice\filePractice\flePractice.cpp(693,17): warning C4267: 'initializing': conversion from 'size_t' to 'int', possible loss of data
D:\NUCES\Semester 1\PF and PF lab\C++ practice\filePractice\filePractice\flePractice.cpp(694,17): warning C4267: 'initializing': conversion from 'size_t' to 'int', possible loss of data
D:\NUCES\Semester 1\PF and PF lab\C++ practice\filePractice\filePractice\flePractice.cpp(909,24): warning C4267: 'initializing': conversion from 'size_t' to 'int', possible loss of data
D:\NUCES\Semester 1\PF and PF lab\C++ practice\filePractice\filePractice\flePractice.cpp(910,24): warning C4267: 'initializing': conversion from 'size_t' to 'int', possible loss of data
D:\NUCES\Semester 1\PF and PF lab\C++ practice\filePractice\filePractice\flePractice.cpp(915,72): warning C4267: '=': conversion from 'size_t' to 'int', possible loss of data
D:\NUCES\Semester 1\PF and PF lab\C++ practice\filePractice\filePractice\flePractice.cpp(929,20): warning C4267: 'initializing': conversion from 'size_t' to 'int', possible loss of data
D:\NUCES\Semester 1\PF and PF lab\C++ practice\filePractice\filePractice\flePractice.cpp(930,20): warning C4267: 'initializing': conversion from 'size_t' to 'int', possible loss of data
D:\NUCES\Semester 1\PF and PF lab\C++ practice\filePractice\filePractice\flePractice.cpp(935,68): warning C4267: '=': conversion from 'size_t' to 'int', possible loss of data
  filePractice.vcxproj -> D:\NUCES\Semester 1\PF and PF lab\C++ practice\filePractice\x64\Debug\filePractice.exe
